
### set_ffts_base_addr((uint64_t)255085902337696);

[set_ffts_base_addr] unsupported
[S] [RECV_INST] set_ffts_base_addr type 7
[S] [EXECUTE] set_ffts_base_addr type 7

### set_padding((uint64_t)0);

[set_padding] unsupported
[S] [RECV_INST] set_padding type 7
[S] [EXECUTE] set_padding type 7

### set_flag((pipe_t)PIPE_M, (pipe_t)PIPE_MTE1, (event_t)0);

[M] [RECV_INST] set_flag type 3
[M] [EXECUTE] set_flag type 3
[M] [send event] on set_flag 2 3 0
[MTE1] [RECV_EVENT] SRC M DST MTE1 EVENT 0

### set_flag((pipe_t)PIPE_M, (pipe_t)PIPE_MTE1, (event_t)1);

[M] [RECV_INST] set_flag type 3
[M] [EXECUTE] set_flag type 3
[M] [send event] on set_flag 2 3 1
[MTE1] [RECV_EVENT] SRC M DST MTE1 EVENT 1

### set_flag((pipe_t)PIPE_M, (pipe_t)PIPE_MTE1, (event_t)2);

[M] [RECV_INST] set_flag type 3
[M] [EXECUTE] set_flag type 3
[M] [send event] on set_flag 2 3 2
[MTE1] [RECV_EVENT] SRC M DST MTE1 EVENT 2
[ALL] [TBUF_EVENT] ABS_ADDR 0xe7ffc889c010 0x40000 B type L1
[ALL] [TBUF_STAT] ---------- tbuf used stat ----------
[ALL] [TBUF_STAT] ---------- tbuf used stat ----------
[ALL] [TBUF_STAT] ---------- tbuf init stat ----------
[ALL] [TBUF_STAT] ---------- tbuf init stat ----------
[ALL] [TBUF_EVENT] ABS_ADDR 0xe7ffc879b010 0x100000 B type L0A
[ALL] [TBUF_STAT] ---------- tbuf used stat ----------
[ALL] [TBUF_STAT] ---------- tbuf used stat ----------
[ALL] [TBUF_STAT] ---------- tbuf init stat ----------
[ALL] [TBUF_STAT] ---------- tbuf init stat ----------
[ALL] [TBUF_EVENT] ABS_ADDR 0xaaaaba773060 0x10000 B type L1
[ALL] [TBUF_STAT] ---------- tbuf used stat ----------
[ALL] [TBUF_STAT] ---------- tbuf used stat ----------
[ALL] [TBUF_STAT] ---------- tbuf init stat ----------
[ALL] [TBUF_STAT] ---------- tbuf init stat ----------
[ALL] [TBUF_EVENT] ABS_ADDR 0xaaaaba783070 0x10000 B type L0B
[ALL] [TBUF_STAT] ---------- tbuf used stat ----------
[ALL] [TBUF_STAT] ---------- tbuf used stat ----------
[ALL] [TBUF_STAT] ---------- tbuf init stat ----------
[ALL] [TBUF_STAT] ---------- tbuf init stat ----------
[ALL] [TBUF_EVENT] ABS_ADDR 0xaaaaba793080 0x20000 B type UB
[ALL] [TBUF_STAT] ---------- tbuf used stat ----------
[ALL] [TBUF_STAT] ---------- tbuf used stat ----------
[ALL] [TBUF_STAT] ---------- tbuf init stat ----------
[ALL] [TBUF_STAT] ---------- tbuf init stat ----------
[ALL] [TBUF_EVENT] ABS_ADDR 0xaaaaba7b3090 0x400 B type L0C
[ALL] [TBUF_STAT] ---------- tbuf used stat ----------
[ALL] [TBUF_STAT] ---------- tbuf used stat ----------
[ALL] [TBUF_STAT] ---------- tbuf init stat ----------
[ALL] [TBUF_STAT] ---------- tbuf init stat ----------
[ALL] [TBUF_EVENT] ABS_ADDR 0xaaaaba7b34a0 0x1c00 B type L0C
[ALL] [TBUF_STAT] ---------- tbuf used stat ----------
[ALL] [TBUF_STAT] ---------- tbuf used stat ----------
[ALL] [TBUF_STAT] ---------- tbuf init stat ----------
[ALL] [TBUF_STAT] ---------- tbuf init stat ----------
